2025-12-29 14:45:58,822 ERROR: Exception in filter_data
Traceback (most recent call last):
  File "C:\Users\heerp\OneDrive\Desktop\collage projects\amit sir\Student-result\app.py", line 237, in filter_data
    success, df, msg = read_student_marks(uploaded_file)
                                          ^^^^^^^^^^^^^
NameError: name 'uploaded_file' is not defined. Did you mean: 'upload_file'?
2025-12-29 14:50:12,168 ERROR: Exception in filter_data
Traceback (most recent call last):
  File "C:\Users\heerp\OneDrive\Desktop\collage projects\amit sir\Student-result\app.py", line 237, in filter_data
    success, df, msg = read_student_marks(uploaded_file)
                                          ^^^^^^^^^^^^^
NameError: name 'uploaded_file' is not defined. Did you mean: 'upload_file'?
2025-12-29 14:50:16,328 ERROR: Exception in filter_data
Traceback (most recent call last):
  File "C:\Users\heerp\OneDrive\Desktop\collage projects\amit sir\Student-result\app.py", line 237, in filter_data
    success, df, msg = read_student_marks(uploaded_file)
                                          ^^^^^^^^^^^^^
NameError: name 'uploaded_file' is not defined. Did you mean: 'upload_file'?
2025-12-29 14:50:26,230 ERROR: Exception in filter_data
Traceback (most recent call last):
  File "C:\Users\heerp\OneDrive\Desktop\collage projects\amit sir\Student-result\app.py", line 237, in filter_data
    success, df, msg = read_student_marks(uploaded_file)
                                          ^^^^^^^^^^^^^
NameError: name 'uploaded_file' is not defined. Did you mean: 'upload_file'?
2025-12-29 14:50:35,012 ERROR: Exception in filter_data
Traceback (most recent call last):
  File "C:\Users\heerp\OneDrive\Desktop\collage projects\amit sir\Student-result\app.py", line 237, in filter_data
    success, df, msg = read_student_marks(uploaded_file)
                                          ^^^^^^^^^^^^^
NameError: name 'uploaded_file' is not defined. Did you mean: 'upload_file'?
